{"level":"fatal","message":"No se pueden obtener el carrito"}
{"level":"error","message":"Falta Uusario y/o contraseña"}
{"level":"error","message":"Usario y contraseña incorrecto"}
{"level":"fatal","message":"nivel fatal"}
{"level":"error","message":"nivel error"}
{"level":"fatal","message":"nivel fatal"}
{"level":"error","message":"nivel error"}
{"level":"error","message":"No se pueden obtener el carrito"}
{"level":"error","message":"Usario y contraseña incorrecto"}
{"level":"error","message":"Usario y contraseña incorrecto"}
{"level":"error","message":"Usario y contraseña incorrecto"}
{"level":"error","message":"Usario y contraseña incorrecto"}
{"level":"error","message":"Usario y contraseña incorrecto"}
{"level":"fatal","message":"No se pueden obtener el carrito"}
{"level":"error","message":"No se pueden obtener el carrito"}
{"level":"fatal","message":"No se pueden obtener el carrito"}
{"level":"fatal","message":"No se pueden obtener el carrito"}
{"level":"fatal","message":"No se pueden obtener el carrito"}
{"level":"error","message":"Usario y contraseña incorrecto"}
{"level":"error","message":"No se pueden obtener el carrito"}
{"level":"fatal","message":"No se pueden obtener el carrito"}
{"level":"fatal","message":"No se pueden obtener el carrito"}
{"level":"fatal","message":"No se pueden obtener el carrito"}
{"level":"fatal","message":"No se pueden obtener el carrito"}
{"level":"fatal","message":"No se pueden obtener el carrito"}
{"level":"fatal","message":"No se pueden obtener el carrito"}
{"level":"fatal","message":"No se pueden obtener el carrito"}
{"level":"fatal","message":"No se pueden obtener el carrito"}
{"level":"fatal","message":"No se pueden obtener el carrito"}
{"level":"fatal","message":"No se pueden obtener el carrito"}
